
ROM used:   30/15552 (0%)
            30/15552 (0%) including unused fragments

            0.0 Average locations per line
            15.0 Average locations per statement

RAM used:   4/768 (1%) at main() level
            4/768 (1%) worst case

Stack used: 0 worst case (0 in main + 0 for interrupts)
Stack size: 30

Lines Stmts  %   Files
----- ----- ---  -----
   14     2 100  robotis.c
   10     0   0  robotis.h
  851     0   0  C:\Program Files (x86)\PICC\devices\18LF14K50.h
----- -----
  875     2 Total

Page ROM  %  RAM    Vol Diff  Functions:
---- --- --- ---    --- ----  ----------
0     26  43    0     14  0.8  main
 Inline         0             @cinit1

Program metrics:
    Functions               1
    Statements              2
    Comments                160
    Volume (V)              16
    Difficulty (D)          0.5
    Effort to implement (E) 8
    Time to implement (T)   0 minutes
    Est Delivered Bugs (B)  0
    Cyclomatic Complexity   1
    Maintainability (MI)    179

 Segment     Used  Free
-----------  ----  ----
00000-00002     4  0  
00004-03CBE    26  15522  



