
ROM used:   1790/15552 (12%)
            1790/15552 (12%) including unused fragments

            0.9 Average locations per line
            4.5 Average locations per statement

RAM used:   162/768 (21%) at main() level
            196/768 (26%) worst case

Stack used: 0 worst case (0 in main + 0 for interrupts)
Stack size: 30

Lines Stmts  %   Files
----- ----- ---  -----
   71    28   7  robotis.c
   19     0   0  robotis.h
  851     0   0  C:\Program Files (x86)\PICC\devices\18LF14K50.h
   37     0   0  C:\Program Files (x86)\PICC\drivers\stdio.h
  435   129  33  C:\Program Files (x86)\PICC\drivers\string.h
   32     0   0  C:\Program Files (x86)\PICC\drivers\stddef.h
   28     0   0  C:\Program Files (x86)\PICC\drivers\ctype.h
  212   111  28  gpio.c
  299   126  32  uart.c
----- -----
 1984   394 Total

Page ROM  %  RAM    Vol Diff  Functions:
---- --- --- ---    --- ----  ----------
0     44   1    1             @delay_ms1
0     34   1    1             @delay_us1
0    102   3    9    388  6.9  GPIO_Init
0    114   3   10    531  6.8  GPIO_WriteBit
0     16   0    2     63  1.6  GPIO_ResetBits
0     18   1    2     63  1.6  GPIO_SetBits
0     70   2    6    265  4.8  USART_Cmd
0    388  11   10    861  8.2  SetBaudRate
0     30   1    5             @MUL1616
0    218   6   11    770  5.9  USART_Init
0     28   1    3     88  2.9  USART_ReceiveData
0     88   2    4    441  7.5  evaluateParity
0     30   1    4    120  4.2  waitTxBufEmpty
0    102   3    9    394  5.3  USART_SendData
0     44   1    3     63  2.6  USART_SendString
0     34   1    3    111  3.8  Push
0     30   1    1     94  1.7  USART_Isr
0     90   3    8    760  3.9  Setup
0     90   3    8    174  2.4  Loop
0     50   1    0     38  1.2  MAIN
 Inline         0             @cinit1

Program metrics:
    Functions               17
    Statements              394
    Comments                410
    Volume (V)              8788
    Difficulty (D)          72.1
    Effort to implement (E) 633456
    Time to implement (T)   9 hours, 47 minutes
    Est Delivered Bugs (B)  2
    Cyclomatic Complexity   29
    Maintainability (MI)    136

 Segment     Used  Free
-----------  ----  ----
00000-00002     4  0  
00004-00006     0  4  
00008-000AC   166  0  
000AE-03CBE  1620  13758  



